# JRE version: Java(TM) SE Runtime Environment (8.0_191-b12) (build 1.8.0_191-b12)
# Java VM: Java HotSpot(TM) 64-Bit Server VM (25.191-b12 mixed mode windows-amd64 compressed oops)
Heap:
 PSYoungGen      total 176640K, used 51660K [0x00000000e0000000, 0x00000000eea00000, 0x0000000100000000)
  eden space 159744K, 21% used [0x00000000e0000000,0x00000000e21f6830,0x00000000e9c00000)
  from space 16896K, 99% used [0x00000000ed980000,0x00000000ee9fc840,0x00000000eea00000)
  to   space 15872K, 0% used [0x00000000e9c00000,0x00000000e9c00000,0x00000000eab80000)
 ParOldGen       total 104448K, used 45921K [0x00000000a0000000, 0x00000000a6600000, 0x00000000e0000000)
  object space 104448K, 43% used [0x00000000a0000000,0x00000000a2cd85f8,0x00000000a6600000)
 Metaspace       used 74943K, capacity 78144K, committed 78336K, reserved 1116160K
  class space    used 10472K, capacity 11157K, committed 11264K, reserved 1048576K
GC Heap History (10 events):
Event: 18.809 GC heap before
{Heap before GC invocations=15 (full 2):
 PSYoungGen      total 130048K, used 130022K [0x00000000e0000000, 0x00000000e9680000, 0x0000000100000000)
  eden space 119296K, 100% used [0x00000000e0000000,0x00000000e7480000,0x00000000e7480000)
  from space 10752K, 99% used [0x00000000e8c00000,0x00000000e9679bd0,0x00000000e9680000)
  to   space 12800K, 0% used [0x00000000e7d80000,0x00000000e7d80000,0x00000000e8a00000)
 ParOldGen       total 68608K, used 17128K [0x00000000a0000000, 0x00000000a4300000, 0x00000000e0000000)
  object space 68608K, 24% used [0x00000000a0000000,0x00000000a10ba128,0x00000000a4300000)
 Metaspace       used 52756K, capacity 54480K, committed 54784K, reserved 1095680K
  class space    used 7394K, capacity 7837K, committed 7936K, reserved 1048576K
Event: 18.850 GC heap after
Heap after GC invocations=15 (full 2):
 PSYoungGen      total 141312K, used 12771K [0x00000000e0000000, 0x00000000ebc00000, 0x0000000100000000)
  eden space 128512K, 0% used [0x00000000e0000000,0x00000000e0000000,0x00000000e7d80000)
  from space 12800K, 99% used [0x00000000e7d80000,0x00000000e89f8f48,0x00000000e8a00000)
  to   space 16896K, 0% used [0x00000000eab80000,0x00000000eab80000,0x00000000ebc00000)
 ParOldGen       total 68608K, used 24154K [0x00000000a0000000, 0x00000000a4300000, 0x00000000e0000000)
  object space 68608K, 35% used [0x00000000a0000000,0x00000000a1796a80,0x00000000a4300000)
 Metaspace       used 52756K, capacity 54480K, committed 54784K, reserved 1095680K
  class space    used 7394K, capacity 7837K, committed 7936K, reserved 1048576K
}
Event: 20.741 GC heap before
{Heap before GC invocations=16 (full 2):
 PSYoungGen      total 141312K, used 79192K [0x00000000e0000000, 0x00000000ebc00000, 0x0000000100000000)
  eden space 128512K, 51% used [0x00000000e0000000,0x00000000e40dd2a8,0x00000000e7d80000)
  from space 12800K, 99% used [0x00000000e7d80000,0x00000000e89f8f48,0x00000000e8a00000)
  to   space 16896K, 0% used [0x00000000eab80000,0x00000000eab80000,0x00000000ebc00000)
 ParOldGen       total 68608K, used 24154K [0x00000000a0000000, 0x00000000a4300000, 0x00000000e0000000)
  object space 68608K, 35% used [0x00000000a0000000,0x00000000a1796a80,0x00000000a4300000)
 Metaspace       used 57058K, capacity 58898K, committed 59008K, reserved 1099776K
  class space    used 8044K, capacity 8520K, committed 8576K, reserved 1048576K
Event: 20.872 GC heap after
Heap after GC invocations=16 (full 2):
 PSYoungGen      total 176640K, used 8147K [0x00000000e0000000, 0x00000000ecc00000, 0x0000000100000000)
  eden space 159744K, 0% used [0x00000000e0000000,0x00000000e0000000,0x00000000e9c00000)
  from space 16896K, 48% used [0x00000000eab80000,0x00000000eb374dd8,0x00000000ebc00000)
  to   space 15872K, 0% used [0x00000000e9c00000,0x00000000e9c00000,0x00000000eab80000)
 ParOldGen       total 68608K, used 30950K [0x00000000a0000000, 0x00000000a4300000, 0x00000000e0000000)
  object space 68608K, 45% used [0x00000000a0000000,0x00000000a1e39860,0x00000000a4300000)
 Metaspace       used 57058K, capacity 58898K, committed 59008K, reserved 1099776K
  class space    used 8044K, capacity 8520K, committed 8576K, reserved 1048576K
}
Event: 20.872 GC heap before
{Heap before GC invocations=17 (full 3):
 PSYoungGen      total 176640K, used 8147K [0x00000000e0000000, 0x00000000ecc00000, 0x0000000100000000)
  eden space 159744K, 0% used [0x00000000e0000000,0x00000000e0000000,0x00000000e9c00000)
  from space 16896K, 48% used [0x00000000eab80000,0x00000000eb374dd8,0x00000000ebc00000)
  to   space 15872K, 0% used [0x00000000e9c00000,0x00000000e9c00000,0x00000000eab80000)
 ParOldGen       total 68608K, used 30950K [0x00000000a0000000, 0x00000000a4300000, 0x00000000e0000000)
  object space 68608K, 45% used [0x00000000a0000000,0x00000000a1e39860,0x00000000a4300000)
 Metaspace       used 57058K, capacity 58898K, committed 59008K, reserved 1099776K
  class space    used 8044K, capacity 8520K, committed 8576K, reserved 1048576K
Event: 21.294 GC heap after
Heap after GC invocations=17 (full 3):
 PSYoungGen      total 176640K, used 0K [0x00000000e0000000, 0x00000000ecc00000, 0x0000000100000000)
  eden space 159744K, 0% used [0x00000000e0000000,0x00000000e0000000,0x00000000e9c00000)
  from space 16896K, 0% used [0x00000000eab80000,0x00000000eab80000,0x00000000ebc00000)
  to   space 15872K, 0% used [0x00000000e9c00000,0x00000000e9c00000,0x00000000eab80000)
 ParOldGen       total 104448K, used 34791K [0x00000000a0000000, 0x00000000a6600000, 0x00000000e0000000)
  object space 104448K, 33% used [0x00000000a0000000,0x00000000a21f9cc0,0x00000000a6600000)
 Metaspace       used 57058K, capacity 58898K, committed 59008K, reserved 1099776K
  class space    used 8044K, capacity 8520K, committed 8576K, reserved 1048576K
}
Event: 25.978 GC heap before
{Heap before GC invocations=18 (full 3):
 PSYoungGen      total 176640K, used 159744K [0x00000000e0000000, 0x00000000ecc00000, 0x0000000100000000)
  eden space 159744K, 100% used [0x00000000e0000000,0x00000000e9c00000,0x00000000e9c00000)
  from space 16896K, 0% used [0x00000000eab80000,0x00000000eab80000,0x00000000ebc00000)
  to   space 15872K, 0% used [0x00000000e9c00000,0x00000000e9c00000,0x00000000eab80000)
 ParOldGen       total 104448K, used 34791K [0x00000000a0000000, 0x00000000a6600000, 0x00000000e0000000)
  object space 104448K, 33% used [0x00000000a0000000,0x00000000a21f9cc0,0x00000000a6600000)
 Metaspace       used 61029K, capacity 63292K, committed 63360K, reserved 1103872K
  class space    used 8543K, capacity 9053K, committed 9088K, reserved 1048576K
Event: 26.031 GC heap after
Heap after GC invocations=18 (full 3):
 PSYoungGen      total 175616K, used 12448K [0x00000000e0000000, 0x00000000eea00000, 0x0000000100000000)
  eden space 159744K, 0% used [0x00000000e0000000,0x00000000e0000000,0x00000000e9c00000)
  from space 15872K, 78% used [0x00000000e9c00000,0x00000000ea828228,0x00000000eab80000)
  to   space 16896K, 0% used [0x00000000ed980000,0x00000000ed980000,0x00000000eea00000)
 ParOldGen       total 104448K, used 34799K [0x00000000a0000000, 0x00000000a6600000, 0x00000000e0000000)
  object space 104448K, 33% used [0x00000000a0000000,0x00000000a21fbcc0,0x00000000a6600000)
 Metaspace       used 61029K, capacity 63292K, committed 63360K, reserved 1103872K
  class space    used 8543K, capacity 9053K, committed 9088K, reserved 1048576K
}
Event: 30.179 GC heap before
{Heap before GC invocations=19 (full 3):
 PSYoungGen      total 175616K, used 172192K [0x00000000e0000000, 0x00000000eea00000, 0x0000000100000000)
  eden space 159744K, 100% used [0x00000000e0000000,0x00000000e9c00000,0x00000000e9c00000)
  from space 15872K, 78% used [0x00000000e9c00000,0x00000000ea828228,0x00000000eab80000)
  to   space 16896K, 0% used [0x00000000ed980000,0x00000000ed980000,0x00000000eea00000)
 ParOldGen       total 104448K, used 34799K [0x00000000a0000000, 0x00000000a6600000, 0x00000000e0000000)
  object space 104448K, 33% used [0x00000000a0000000,0x00000000a21fbcc0,0x00000000a6600000)
 Metaspace       used 74472K, capacity 77616K, committed 77696K, reserved 1116160K
  class space    used 10433K, capacity 11107K, committed 11136K, reserved 1048576K
Event: 30.216 GC heap after
Heap after GC invocations=19 (full 3):
 PSYoungGen      total 176640K, used 16882K [0x00000000e0000000, 0x00000000eea00000, 0x0000000100000000)
  eden space 159744K, 0% used [0x00000000e0000000,0x00000000e0000000,0x00000000e9c00000)
  from space 16896K, 99% used [0x00000000ed980000,0x00000000ee9fc840,0x00000000eea00000)
  to   space 15872K, 0% used [0x00000000e9c00000,0x00000000e9c00000,0x00000000eab80000)
 ParOldGen       total 104448K, used 45921K [0x00000000a0000000, 0x00000000a6600000, 0x00000000e0000000)
  object space 104448K, 43% used [0x00000000a0000000,0x00000000a2cd85f8,0x00000000a6600000)
 Metaspace       used 74472K, capacity 77616K, committed 77696K, reserved 1116160K
  class space    used 10433K, capacity 11107K, committed 11136K, reserved 1048576K
}

