# JRE version: Java(TM) SE Runtime Environment (8.0_191-b12) (build 1.8.0_191-b12)
# Java VM: Java HotSpot(TM) 64-Bit Server VM (25.191-b12 mixed mode windows-amd64 compressed oops)
Heap:
 PSYoungGen      total 243200K, used 241473K [0x00000000e0000000, 0x00000000efe80000, 0x0000000100000000)
  eden space 225792K, 99% used [0x00000000e0000000,0x00000000edb4df18,0x00000000edc80000)
  from space 17408K, 99% used [0x00000000edc80000,0x00000000eed7fd20,0x00000000eed80000)
  to   space 13312K, 0% used [0x00000000ef180000,0x00000000ef180000,0x00000000efe80000)
 ParOldGen       total 101888K, used 40266K [0x00000000a0000000, 0x00000000a6380000, 0x00000000e0000000)
  object space 101888K, 39% used [0x00000000a0000000,0x00000000a2752808,0x00000000a6380000)
 Metaspace       used 79733K, capacity 82860K, committed 83200K, reserved 1120256K
  class space    used 10725K, capacity 11418K, committed 11520K, reserved 1048576K
GC Heap History (10 events):
Event: 15.875 GC heap before
{Heap before GC invocations=12 (full 2):
 PSYoungGen      total 172544K, used 5815K [0x00000000e0000000, 0x00000000ed380000, 0x0000000100000000)
  eden space 159232K, 0% used [0x00000000e0000000,0x00000000e0000000,0x00000000e9b80000)
  from space 13312K, 43% used [0x00000000ea880000,0x00000000eae2ddc8,0x00000000eb580000)
  to   space 13312K, 0% used [0x00000000e9b80000,0x00000000e9b80000,0x00000000ea880000)
 ParOldGen       total 50688K, used 13673K [0x00000000a0000000, 0x00000000a3180000, 0x00000000e0000000)
  object space 50688K, 26% used [0x00000000a0000000,0x00000000a0d5a768,0x00000000a3180000)
 Metaspace       used 34486K, capacity 35336K, committed 35416K, reserved 1079296K
  class space    used 4855K, capacity 5096K, committed 5120K, reserved 1048576K
Event: 16.118 GC heap after
Heap after GC invocations=12 (full 2):
 PSYoungGen      total 172544K, used 0K [0x00000000e0000000, 0x00000000ed380000, 0x0000000100000000)
  eden space 159232K, 0% used [0x00000000e0000000,0x00000000e0000000,0x00000000e9b80000)
  from space 13312K, 0% used [0x00000000ea880000,0x00000000ea880000,0x00000000eb580000)
  to   space 13312K, 0% used [0x00000000e9b80000,0x00000000e9b80000,0x00000000ea880000)
 ParOldGen       total 68608K, used 16685K [0x00000000a0000000, 0x00000000a4300000, 0x00000000e0000000)
  object space 68608K, 24% used [0x00000000a0000000,0x00000000a104b438,0x00000000a4300000)
 Metaspace       used 34486K, capacity 35336K, committed 35416K, reserved 1079296K
  class space    used 4855K, capacity 5096K, committed 5120K, reserved 1048576K
}
Event: 23.059 GC heap before
{Heap before GC invocations=13 (full 2):
 PSYoungGen      total 172544K, used 159232K [0x00000000e0000000, 0x00000000ed380000, 0x0000000100000000)
  eden space 159232K, 100% used [0x00000000e0000000,0x00000000e9b80000,0x00000000e9b80000)
  from space 13312K, 0% used [0x00000000ea880000,0x00000000ea880000,0x00000000eb580000)
  to   space 13312K, 0% used [0x00000000e9b80000,0x00000000e9b80000,0x00000000ea880000)
 ParOldGen       total 68608K, used 16685K [0x00000000a0000000, 0x00000000a4300000, 0x00000000e0000000)
  object space 68608K, 24% used [0x00000000a0000000,0x00000000a104b438,0x00000000a4300000)
 Metaspace       used 48603K, capacity 50148K, committed 50304K, reserved 1093632K
  class space    used 6630K, capacity 6983K, committed 7040K, reserved 1048576K
Event: 23.102 GC heap after
Heap after GC invocations=13 (full 2):
 PSYoungGen      total 172544K, used 13311K [0x00000000e0000000, 0x00000000f0200000, 0x0000000100000000)
  eden space 159232K, 0% used [0x00000000e0000000,0x00000000e0000000,0x00000000e9b80000)
  from space 13312K, 99% used [0x00000000e9b80000,0x00000000ea87fde0,0x00000000ea880000)
  to   space 16896K, 0% used [0x00000000ef180000,0x00000000ef180000,0x00000000f0200000)
 ParOldGen       total 68608K, used 22401K [0x00000000a0000000, 0x00000000a4300000, 0x00000000e0000000)
  object space 68608K, 32% used [0x00000000a0000000,0x00000000a15e0520,0x00000000a4300000)
 Metaspace       used 48603K, capacity 50148K, committed 50304K, reserved 1093632K
  class space    used 6630K, capacity 6983K, committed 7040K, reserved 1048576K
}
Event: 27.432 GC heap before
{Heap before GC invocations=14 (full 2):
 PSYoungGen      total 172544K, used 118834K [0x00000000e0000000, 0x00000000f0200000, 0x0000000100000000)
  eden space 159232K, 66% used [0x00000000e0000000,0x00000000e670cc88,0x00000000e9b80000)
  from space 13312K, 99% used [0x00000000e9b80000,0x00000000ea87fde0,0x00000000ea880000)
  to   space 16896K, 0% used [0x00000000ef180000,0x00000000ef180000,0x00000000f0200000)
 ParOldGen       total 68608K, used 22401K [0x00000000a0000000, 0x00000000a4300000, 0x00000000e0000000)
  object space 68608K, 32% used [0x00000000a0000000,0x00000000a15e0520,0x00000000a4300000)
 Metaspace       used 57022K, capacity 59002K, committed 59008K, reserved 1099776K
  class space    used 7898K, capacity 8314K, committed 8320K, reserved 1048576K
Event: 27.489 GC heap after
Heap after GC invocations=14 (full 2):
 PSYoungGen      total 239104K, used 11553K [0x00000000e0000000, 0x00000000efe80000, 0x0000000100000000)
  eden space 225792K, 0% used [0x00000000e0000000,0x00000000e0000000,0x00000000edc80000)
  from space 13312K, 86% used [0x00000000ef180000,0x00000000efcc8728,0x00000000efe80000)
  to   space 17408K, 0% used [0x00000000edc80000,0x00000000edc80000,0x00000000eed80000)
 ParOldGen       total 68608K, used 31575K [0x00000000a0000000, 0x00000000a4300000, 0x00000000e0000000)
  object space 68608K, 46% used [0x00000000a0000000,0x00000000a1ed5cb8,0x00000000a4300000)
 Metaspace       used 57022K, capacity 59002K, committed 59008K, reserved 1099776K
  class space    used 7898K, capacity 8314K, committed 8320K, reserved 1048576K
}
Event: 27.489 GC heap before
{Heap before GC invocations=15 (full 3):
 PSYoungGen      total 239104K, used 11553K [0x00000000e0000000, 0x00000000efe80000, 0x0000000100000000)
  eden space 225792K, 0% used [0x00000000e0000000,0x00000000e0000000,0x00000000edc80000)
  from space 13312K, 86% used [0x00000000ef180000,0x00000000efcc8728,0x00000000efe80000)
  to   space 17408K, 0% used [0x00000000edc80000,0x00000000edc80000,0x00000000eed80000)
 ParOldGen       total 68608K, used 31575K [0x00000000a0000000, 0x00000000a4300000, 0x00000000e0000000)
  object space 68608K, 46% used [0x00000000a0000000,0x00000000a1ed5cb8,0x00000000a4300000)
 Metaspace       used 57022K, capacity 59002K, committed 59008K, reserved 1099776K
  class space    used 7898K, capacity 8314K, committed 8320K, reserved 1048576K
Event: 27.894 GC heap after
Heap after GC invocations=15 (full 3):
 PSYoungGen      total 239104K, used 0K [0x00000000e0000000, 0x00000000efe80000, 0x0000000100000000)
  eden space 225792K, 0% used [0x00000000e0000000,0x00000000e0000000,0x00000000edc80000)
  from space 13312K, 0% used [0x00000000ef180000,0x00000000ef180000,0x00000000efe80000)
  to   space 17408K, 0% used [0x00000000edc80000,0x00000000edc80000,0x00000000eed80000)
 ParOldGen       total 101888K, used 36317K [0x00000000a0000000, 0x00000000a6380000, 0x00000000e0000000)
  object space 101888K, 35% used [0x00000000a0000000,0x00000000a23776e8,0x00000000a6380000)
 Metaspace       used 56990K, capacity 58896K, committed 59008K, reserved 1099776K
  class space    used 7889K, capacity 8303K, committed 8320K, reserved 1048576K
}
Event: 39.543 GC heap before
{Heap before GC invocations=16 (full 3):
 PSYoungGen      total 239104K, used 225792K [0x00000000e0000000, 0x00000000efe80000, 0x0000000100000000)
  eden space 225792K, 100% used [0x00000000e0000000,0x00000000edc80000,0x00000000edc80000)
  from space 13312K, 0% used [0x00000000ef180000,0x00000000ef180000,0x00000000efe80000)
  to   space 17408K, 0% used [0x00000000edc80000,0x00000000edc80000,0x00000000eed80000)
 ParOldGen       total 101888K, used 36317K [0x00000000a0000000, 0x00000000a6380000, 0x00000000e0000000)
  object space 101888K, 35% used [0x00000000a0000000,0x00000000a23776e8,0x00000000a6380000)
 Metaspace       used 70069K, capacity 72546K, committed 72832K, reserved 1112064K
  class space    used 9792K, capacity 10292K, committed 10368K, reserved 1048576K
Event: 39.642 GC heap after
Heap after GC invocations=16 (full 3):
 PSYoungGen      total 243200K, used 17407K [0x00000000e0000000, 0x00000000efe80000, 0x0000000100000000)
  eden space 225792K, 0% used [0x00000000e0000000,0x00000000e0000000,0x00000000edc80000)
  from space 17408K, 99% used [0x00000000edc80000,0x00000000eed7fd20,0x00000000eed80000)
  to   space 13312K, 0% used [0x00000000ef180000,0x00000000ef180000,0x00000000efe80000)
 ParOldGen       total 101888K, used 40266K [0x00000000a0000000, 0x00000000a6380000, 0x00000000e0000000)
  object space 101888K, 39% used [0x00000000a0000000,0x00000000a2752808,0x00000000a6380000)
 Metaspace       used 70069K, capacity 72546K, committed 72832K, reserved 1112064K
  class space    used 9792K, capacity 10292K, committed 10368K, reserved 1048576K
}

